<?xml version="1.0" encoding="UTF-8"?>
<!-- Generated by org.testng.reporters.JUnitReportReporter -->
<testsuite skipped="0" hostname="DESKTOP-5S5PDPE" name="testCases.CreateAProduct" tests="1" failures="0" timestamp="23 Mar 2022 22:09:49 GMT" time="4.342" errors="0">
  <testcase name="CreateAProduct" time="4.342" classname="testCases.CreateAProduct"/>
</testsuite> <!-- testCases.CreateAProduct -->
