<?xml version="1.0" encoding="UTF-8"?>
<!-- Generated by org.testng.reporters.JUnitReportReporter -->
<testsuite skipped="0" hostname="DESKTOP-5S5PDPE" name="testCases.ReadAllProducts" tests="1" failures="0" timestamp="23 Mar 2022 22:08:32 GMT" time="6.415" errors="0">
  <testcase name="readAllProducts" time="6.415" classname="testCases.ReadAllProducts"/>
</testsuite> <!-- testCases.ReadAllProducts -->
