<?xml version="1.0" encoding="UTF-8"?>
<!-- Generated by org.testng.reporters.JUnitReportReporter -->
<testsuite skipped="0" hostname="DESKTOP-5S5PDPE" name="testCases.DeleteAProduct" tests="2" failures="0" timestamp="23 Mar 2022 23:36:41 GMT" time="3.975" errors="0">
  <testcase name="deleteAProduct" time="3.096" classname="testCases.DeleteAProduct"/>
  <testcase name="readAProduct" time="0.879" classname="testCases.DeleteAProduct"/>
</testsuite> <!-- testCases.DeleteAProduct -->
