<?xml version="1.0" encoding="UTF-8"?>
<!-- Generated by org.testng.reporters.JUnitReportReporter -->
<testsuite skipped="0" hostname="DESKTOP-5S5PDPE" name="testCases.ReadOneProduct" tests="1" failures="0" timestamp="23 Mar 2022 23:04:50 GMT" time="3.145" errors="0">
  <testcase name="readOneProduct" time="3.145" classname="testCases.ReadOneProduct"/>
</testsuite> <!-- testCases.ReadOneProduct -->
