<?xml version="1.0" encoding="UTF-8"?>
<!-- Generated by org.testng.reporters.JUnitReportReporter -->
<testsuite skipped="0" hostname="DESKTOP-5S5PDPE" name="testCases.UpdateAProduct" tests="1" failures="0" timestamp="23 Mar 2022 23:00:38 GMT" time="3.461" errors="0">
  <testcase name="updateAProduct" time="3.461" classname="testCases.UpdateAProduct"/>
</testsuite> <!-- testCases.UpdateAProduct -->
